<?xml version="1.0" encoding="UTF-8"?>
<!-- Generated by org.testng.reporters.JUnitReportReporter -->
<testsuite hostname="LIN-5C99KN3" failures="0" tests="3" name="com.creditcards.testcases.TC_HomePage" time="21.366" errors="0" timestamp="2024-07-17T17:15:48 IST" skipped="2">
  <testcase classname="com.creditcards.testcases.TC_HomePage" name="verifyingHomePage_RewardsCardsActions" time="21.366"/>
  <testcase classname="com.creditcards.testcases.TC_HomePage" name="verifyingHomePage_BusinessCardsActions">
    <skipped/>
  </testcase> <!-- verifyingHomePage_BusinessCardsActions -->
  <testcase classname="com.creditcards.testcases.TC_HomePage" name="verifyingHomePage_TravelCardsActions">
    <skipped/>
  </testcase> <!-- verifyingHomePage_TravelCardsActions -->
</testsuite> <!-- com.creditcards.testcases.TC_HomePage -->
