<?xml version="1.0" encoding="UTF-8"?>
<!-- Generated by org.testng.reporters.JUnitReportReporter -->
<testsuite hostname="LIN-5C99KN3" failures="0" tests="3" name="com.creditcards.testcases.TC_HomePage" time="43.529" errors="0" timestamp="2024-07-22T11:24:36 IST" skipped="1">
  <testcase classname="com.creditcards.testcases.TC_HomePage" name="verifyingHomePage_RewardsCardsActions" time="20.975"/>
  <testcase classname="com.creditcards.testcases.TC_HomePage" name="verifyingHomePage_BusinessCardsActions" time="22.554"/>
  <testcase classname="com.creditcards.testcases.TC_HomePage" name="verifyingHomePage_TravelCardsActions">
    <skipped/>
  </testcase> <!-- verifyingHomePage_TravelCardsActions -->
</testsuite> <!-- com.creditcards.testcases.TC_HomePage -->
